<?xml version="1.0" encoding="UTF-8"?>
<testsuite xmlns:xsi="http://www.w3.org/2001/XMLSchema-instance" xsi:noNamespaceSchemaLocation="https://maven.apache.org/surefire/maven-surefire-plugin/xsd/surefire-test-report.xsd" name="TestSuite" time="123.431" tests="8" errors="0" skipped="0" failures="1">
  <properties>
[...]
</properties>
  <testcase name="testSignInAccountWithCredentialsFromPropertyOnTravellingPage" classname="org.testing.test.SignInOnTravellingPageTest" time="7.495"/>
  <testcase name="testSignInAccountWithEmptyUserEmailOnTravellingPage" classname="org.testing.test.SignInOnTravellingPageTest" time="6.22"/>
  <testcase name="testSignInAccountWithEmptyUserPasswordOnTravellingPage" classname="org.testing.test.SignInOnTravellingPageTest" time="6.65"/>
  <testcase name="testOrderHotelsWithTestDataHotelOnTravellingPage" classname="org.testing.test.OrderHotelTicketsOnTravellingPageTest" time="11.085"/>
  <testcase name="testOrderAviaTicketsWithCredentialsFromPropertyOnTravellingPage" classname="org.testing.test.OrderAviaTicketsOnTravellingPageTest" time="24.083"/>
  <testcase name="testOrderAviaTicketsWithEmptyDepartureCityOnTravellingPage" classname="org.testing.test.OrderAviaTicketsOnTravellingPageTest" time="28.989"/>
  <testcase name="testSearchAviaTicketsWithCredentialsFromPropertyForTravel" classname="org.testing.test.SearchResultOnTravellingPageTest" time="21.751"/>
  <testcase name="testSearchAviaTicketsWithEmptyArrivalCityForTravel" classname="org.testing.test.SearchResultOnTravellingPageTest" time="11.096">
    <failure message="element not interactable&#10;  (Session info: headless chrome=93.0.4577.82)&#10;Build info: version: &apos;4.1.0&apos;, revision: &apos;87802e897b&apos;&#10;System info: host: &apos;pirozhok-GF63-8RC&apos;, ip: &apos;127.0.1.1&apos;, os.name: &apos;Linux&apos;, os.arch: &apos;amd64&apos;, os.version: &apos;5.11.0-41-generic&apos;, java.version: &apos;11.0.11&apos;&#10;Driver info: org.openqa.selenium.chrome.ChromeDriver&#10;Command: [9c5abfd54d400a92f1efe8e060dc4d8d, clickElement {id=82c14e72-fb07-48d7-872f-df2e556f9ced}]&#10;Capabilities {acceptInsecureCerts: false, browserName: chrome, browserVersion: 93.0.4577.82, chrome: {chromedriverVersion: 93.0.4577.63 (ff5c0da2ec0ad..., userDataDir: /tmp/.com.google.Chrome.i37wJb}, goog:chromeOptions: {debuggerAddress: localhost:46393}, javascriptEnabled: true, networkConnectionEnabled: false, pageLoadStrategy: normal, platform: LINUX, platformName: LINUX, proxy: Proxy(), se:cdp: ws://localhost:46393/devtoo..., se:cdpVersion: 93.0.4577.82, setWindowRect: true, strictFileInteractability: false, timeouts: {implicit: 0, pageLoad: 300000, script: 30000}, unhandledPromptBehavior: dismiss and notify, webauthn:extension:credBlob: true, webauthn:extension:largeBlob: true, webauthn:virtualAuthenticators: true}&#10;Element: [[ChromeDriver: chrome on LINUX (9c5abfd54d400a92f1efe8e060dc4d8d)] -&gt; xpath: //a[@href=&apos;/objects/paleontologicheskiy-muzey-im-yu-a-orlova-g-moskva&apos;]/b]&#10;Session ID: 9c5abfd54d400a92f1efe8e060dc4d8d" type="org.openqa.selenium.ElementNotInteractableException">org.openqa.selenium.ElementNotInteractableException: 
element not interactable
  (Session info: headless chrome=93.0.4577.82)
Build info: version: '4.1.0', revision: '87802e897b'
System info: host: 'pirozhok-GF63-8RC', ip: '127.0.1.1', os.name: 'Linux', os.arch: 'amd64', os.version: '5.11.0-41-generic', java.version: '11.0.11'
Driver info: org.openqa.selenium.chrome.ChromeDriver
Command: [9c5abfd54d400a92f1efe8e060dc4d8d, clickElement {id=82c14e72-fb07-48d7-872f-df2e556f9ced}]
Capabilities {acceptInsecureCerts: false, browserName: chrome, browserVersion: 93.0.4577.82, chrome: {chromedriverVersion: 93.0.4577.63 (ff5c0da2ec0ad..., userDataDir: /tmp/.com.google.Chrome.i37wJb}, goog:chromeOptions: {debuggerAddress: localhost:46393}, javascriptEnabled: true, networkConnectionEnabled: false, pageLoadStrategy: normal, platform: LINUX, platformName: LINUX, proxy: Proxy(), se:cdp: ws://localhost:46393/devtoo..., se:cdpVersion: 93.0.4577.82, setWindowRect: true, strictFileInteractability: false, timeouts: {implicit: 0, pageLoad: 300000, script: 30000}, unhandledPromptBehavior: dismiss and notify, webauthn:extension:credBlob: true, webauthn:extension:largeBlob: true, webauthn:virtualAuthenticators: true}
Element: [[ChromeDriver: chrome on LINUX (9c5abfd54d400a92f1efe8e060dc4d8d)] -> xpath: //a[@href='/objects/paleontologicheskiy-muzey-im-yu-a-orlova-g-moskva']/b]
Session ID: 9c5abfd54d400a92f1efe8e060dc4d8d
	at org.testing.test.SearchResultOnTravellingPageTest.testSearchAviaTicketsWithEmptyArrivalCityForTravel(SearchResultOnTravellingPageTest.java:33)
</failure>
    <system-out><![CDATA[2021-12-14 15:35:43,980 TRACE websocketx.WebSocket08FrameEncoder [AsyncHttpClient-1-22] io.netty.handler.codec.http.websocketx.WebSocket08FrameEncoder.encode(WebSocket08FrameEncoder.java:131) Encoding WebSocket Frame opCode=8 length=26
]]></system-out>
    <system-err><![CDATA[Starting ChromeDriver 93.0.4577.63 (ff5c0da2ec0adeaed5550e6c7e98417dac77d98a-refs/branch-heads/4577@{#1135}) on port 54106
Only local connections are allowed.
Please see https://chromedriver.chromium.org/security-considerations for suggestions on keeping ChromeDriver safe.
ChromeDriver was started successfully.
дек. 14, 2021 3:35:44 PM org.openqa.selenium.remote.ProtocolHandshake createSession
INFO: Detected dialect: W3C
дек. 14, 2021 3:35:44 PM org.openqa.selenium.devtools.CdpVersionFinder findNearestMatch
WARNING: Unable to find an exact match for CDP version 93, so returning the closest version found: a no-op implementation
дек. 14, 2021 3:35:44 PM org.openqa.selenium.devtools.CdpVersionFinder findNearestMatch
INFO: Unable to find CDP implementation matching 93.
дек. 14, 2021 3:35:44 PM org.openqa.selenium.chromium.ChromiumDriver lambda$new$3
WARNING: Unable to find version of CDP to use for . You may need to include a dependency on a specific version of the CDP using something similar to `org.seleniumhq.selenium:selenium-devtools-v86:4.1.0` where the version ("v86") matches the version of the chromium-based browser you're using and the version number of the artifact is the same as Selenium's.
]]></system-err>
  </testcase>
</testsuite>