<?xml version="1.0" encoding="UTF-8"?>
<!-- Generated by org.testng.reporters.JUnitXMLReporter -->
<testsuite ignored="0" hostname="pirozhok-GF63-8RC" failures="0" tests="8" name="All tests" time="53.604" errors="0" timestamp="2021-12-14T06:27:11 MSK">
  <testcase classname="org.testing.test.SignInOnTravellingPageTest" name="testSignInAccountWithCredentialsFromPropertyOnTravellingPage" time="4.766"/>
  <testcase classname="org.testing.test.SignInOnTravellingPageTest" name="testSignInAccountWithEmptyUserEmailOnTravellingPage" time="7.714"/>
  <testcase classname="org.testing.test.SignInOnTravellingPageTest" name="testSignInAccountWithEmptyUserPasswordOnTravellingPage" time="4.902"/>
  <testcase classname="org.testing.test.OrderHotelTicketsOnTravellingPageTest" name="testOrderHotelsWithTestDataHotelOnTravellingPage" time="5.919"/>
  <testcase classname="org.testing.test.OrderAviaTicketsOnTravellingPageTest" name="testOrderAviaTicketsWithCredentialsFromPropertyOnTravellingPage" time="5.261"/>
  <testcase classname="org.testing.test.OrderAviaTicketsOnTravellingPageTest" name="testOrderAviaTicketsWithEmptyDepartureCityOnTravellingPage" time="5.403"/>
  <testcase classname="org.testing.test.SearchResultOnTravellingPageTest" name="testSearchAviaTicketsWithCredentialsFromPropertyForTravel" time="7.723"/>
  <testcase classname="org.testing.test.SearchResultOnTravellingPageTest" name="testSearchAviaTicketsWithEmptyArrivalCityForTravel" time="7.415"/>
</testsuite> <!-- All tests -->
